<?xml version="1.0" encoding="UTF-8"?>
<!-- Generated by org.testng.reporters.JUnitXMLReporter -->
<testsuite ignored="2" hostname="LAPTOP-AE49641U" failures="0" tests="1" name="Default test" time="1.571" errors="0" timestamp="2024-07-19T12:01:48 IST">
  <testcase classname="userManagement.GetUsers" name="getUserData" time="1.542"/>
  <testcase classname="userManagement.GetUsers" name="validateResponseBodyGetPathParam" time="0.0">
    <ignored/>
  </testcase> <!-- validateResponseBodyGetPathParam -->
  <testcase classname="userManagement.GetUsers" name="validateGetResponseBody" time="0.0">
    <ignored/>
  </testcase> <!-- validateGetResponseBody -->
</testsuite> <!-- Default test -->
