<?xml version="1.0" encoding="UTF-8"?>
<testng-results ignored="2" total="3" passed="1" failed="0" skipped="0">
  <reporter-output>
  </reporter-output>
  <suite started-at="2024-07-19T12:01:47 IST" name="Default suite" finished-at="2024-07-19T12:01:48 IST" duration-ms="1571">
    <groups>
    </groups>
    <test started-at="2024-07-19T12:01:47 IST" name="Default test" finished-at="2024-07-19T12:01:48 IST" duration-ms="1571">
      <class name="userManagement.GetUsers">
        <test-method signature="getUserData()[pri:0, instance:userManagement.GetUsers@25084a1e]" started-at="2024-07-19T12:01:47 IST" name="getUserData" finished-at="2024-07-19T12:01:48 IST" duration-ms="1542" status="PASS">
          <reporter-output>
          </reporter-output>
        </test-method> <!-- getUserData -->
      </class> <!-- userManagement.GetUsers -->
    </test> <!-- Default test -->
  </suite> <!-- Default suite -->
</testng-results>
